Wed Aug 26 2020 14:09:00 GMT+0530 (India Standard Time): GET: /about
Wed Aug 26 2020 14:10:15 GMT+0530 (India Standard Time): GET: /
Wed Aug 26 2020 14:10:32 GMT+0530 (India Standard Time): GET: /about
Wed Aug 26 2020 14:10:38 GMT+0530 (India Standard Time): GET: /home
Wed Aug 26 2020 14:10:42 GMT+0530 (India Standard Time): GET: /
Wed Aug 26 2020 14:17:50 GMT+0530 (India Standard Time): GET: /about
Wed Aug 26 2020 14:18:01 GMT+0530 (India Standard Time): GET: /
Wed Aug 26 2020 14:18:05 GMT+0530 (India Standard Time): GET: /
Wed Aug 26 2020 14:20:06 GMT+0530 (India Standard Time): GET: /
Wed Aug 26 2020 14:20:08 GMT+0530 (India Standard Time): GET: /
Wed Aug 26 2020 14:20:09 GMT+0530 (India Standard Time): GET: /about
Wed Aug 26 2020 14:20:10 GMT+0530 (India Standard Time): GET: /
Wed Aug 26 2020 14:20:11 GMT+0530 (India Standard Time): GET: /about
Wed Aug 26 2020 14:20:11 GMT+0530 (India Standard Time): GET: /
Thu Aug 27 2020 13:27:49 GMT+0530 (India Standard Time): GET: /
Thu Aug 27 2020 13:27:51 GMT+0530 (India Standard Time): GET: /favicon.ico
Thu Aug 27 2020 19:32:52 GMT+0530 (India Standard Time): GET: /
Thu Aug 27 2020 19:32:52 GMT+0530 (India Standard Time): GET: /favicon.ico
Thu Aug 27 2020 19:33:05 GMT+0530 (India Standard Time): GET: /about
Fri Aug 28 2020 02:22:01 GMT+0530 (India Standard Time): GET: /
Fri Aug 28 2020 02:22:03 GMT+0530 (India Standard Time): GET: /favicon.ico
Fri Aug 28 2020 02:22:15 GMT+0530 (India Standard Time): GET: /project
Fri Aug 28 2020 02:24:04 GMT+0530 (India Standard Time): GET: /project
Fri Aug 28 2020 02:24:32 GMT+0530 (India Standard Time): GET: /project
Fri Aug 28 2020 02:24:34 GMT+0530 (India Standard Time): GET: /project
Fri Aug 28 2020 02:24:43 GMT+0530 (India Standard Time): GET: /project
Fri Aug 28 2020 02:24:46 GMT+0530 (India Standard Time): GET: /
Fri Aug 28 2020 02:24:47 GMT+0530 (India Standard Time): GET: /about
Fri Aug 28 2020 02:24:48 GMT+0530 (India Standard Time): GET: /project
